Using pre-set license
Built from '2021.1/staging' branch; Version is '2021.1.23f1 (b50729e604a9) revision 11863849'; Using compiler version '192528614'; Build Type 'Release'
OS: 'Windows 10 Home Single Language; OS build 19044.2846; Version 2009; 64bit' Language: 'en' Physical Memory: 16215 MB
BatchMode: 1, IsHumanControllingUs: 0, StartBugReporterOnCrash: 0, Is64bit: 1, IsPro: 0

COMMAND LINE ARGUMENTS:
C:\Users\Ajitesh Joshi\Downloads\unityfol\2021.1.23f1\Editor\Unity.exe
-adb2
-batchMode
-noUpm
-name
AssetImportWorker0
-projectPath
E:/HackRush/HackRush-23
-logFile
Logs/AssetImportWorker0.log
-srvPort
61692
Successfully changed project path to: E:/HackRush/HackRush-23
E:/HackRush/HackRush-23
Using Asset Import Pipeline V2.
Refreshing native plugins compatible for Editor in 44.15 ms, found 2 plugins.
Preloading 0 native plugins for Editor in 0.00 ms.
Initialize engine version: 2021.1.23f1 (b50729e604a9)
[Subsystems] Discovering subsystems at path C:/Users/Ajitesh Joshi/Downloads/unityfol/2021.1.23f1/Editor/Data/Resources/UnitySubsystems
[Subsystems] Discovering subsystems at path E:/HackRush/HackRush-23/Assets
GfxDevice: creating device client; threaded=0; jobified=0
Direct3D:
    Version:  Direct3D 11.0 [level 11.1]
    Renderer: NVIDIA GeForce GTX 1650 (ID=0x1f91)
    Vendor:   NVIDIA
    VRAM:     3949 MB
    Driver:   31.0.15.2647
Initialize mono
Mono path[0] = 'C:/Users/Ajitesh Joshi/Downloads/unityfol/2021.1.23f1/Editor/Data/Managed'
Mono path[1] = 'C:/Users/Ajitesh Joshi/Downloads/unityfol/2021.1.23f1/Editor/Data/MonoBleedingEdge/lib/mono/unityjit'
Mono config path = 'C:/Users/Ajitesh Joshi/Downloads/unityfol/2021.1.23f1/Editor/Data/MonoBleedingEdge/etc'
Using monoOptions --debugger-agent=transport=dt_socket,embedding=1,server=y,suspend=n,address=127.0.0.1:56280
Begin MonoManager ReloadAssembly
Registering precompiled unity dll's ...
Register platform support module: C:/Users/Ajitesh Joshi/Downloads/unityfol/2021.1.23f1/Editor/Data/PlaybackEngines/WindowsStandaloneSupport/UnityEditor.WindowsStandalone.Extensions.dll
Registered in 0.002872 seconds.
Native extension for WindowsStandalone target not found
Refreshing native plugins compatible for Editor in 42.76 ms, found 2 plugins.
Preloading 0 native plugins for Editor in 0.00 ms.
Mono: successfully reloaded assembly
- Completed reload, in  1.209 seconds
Domain Reload Profiling:
	ReloadAssembly (1209ms)
		BeginReloadAssembly (77ms)
			ExecutionOrderSort (0ms)
			DisableScriptedObjects (0ms)
			BackupInstance (0ms)
			ReleaseScriptingObjects (0ms)
			CreateAndSetChildDomain (1ms)
		EndReloadAssembly (460ms)
			LoadAssemblies (74ms)
			RebuildTransferFunctionScriptingTraits (0ms)
			SetupTypeCache (185ms)
			ReleaseScriptCaches (0ms)
			RebuildScriptCaches (32ms)
			SetupLoadedEditorAssemblies (191ms)
				LogAssemblyErrors (0ms)
				InitializePlatformSupportModulesInManaged (6ms)
				SetLoadedEditorAssemblies (0ms)
				RefreshPlugins (43ms)
				BeforeProcessingInitializeOnLoad (1ms)
				ProcessInitializeOnLoadAttributes (106ms)
				ProcessInitializeOnLoadMethodAttributes (34ms)
				AfterProcessingInitializeOnLoad (0ms)
				EditorAssembliesLoaded (0ms)
			ExecutionOrderSort2 (0ms)
			AwakeInstancesAfterBackupRestoration (0ms)
Platform modules already initialized, skipping
Registering precompiled user dll's ...
Registered in 0.003480 seconds.
Begin MonoManager ReloadAssembly
Native extension for WindowsStandalone target not found
Refreshing native plugins compatible for Editor in 41.72 ms, found 2 plugins.
Preloading 0 native plugins for Editor in 0.00 ms.
Mono: successfully reloaded assembly
- Completed reload, in  1.387 seconds
Domain Reload Profiling:
	ReloadAssembly (1388ms)
		BeginReloadAssembly (207ms)
			ExecutionOrderSort (0ms)
			DisableScriptedObjects (6ms)
			BackupInstance (0ms)
			ReleaseScriptingObjects (0ms)
			CreateAndSetChildDomain (24ms)
		EndReloadAssembly (1098ms)
			LoadAssemblies (141ms)
			RebuildTransferFunctionScriptingTraits (0ms)
			SetupTypeCache (367ms)
			ReleaseScriptCaches (0ms)
			RebuildScriptCaches (58ms)
			SetupLoadedEditorAssemblies (436ms)
				LogAssemblyErrors (0ms)
				InitializePlatformSupportModulesInManaged (5ms)
				SetLoadedEditorAssemblies (0ms)
				RefreshPlugins (42ms)
				BeforeProcessingInitializeOnLoad (55ms)
				ProcessInitializeOnLoadAttributes (297ms)
				ProcessInitializeOnLoadMethodAttributes (29ms)
				AfterProcessingInitializeOnLoad (9ms)
				EditorAssembliesLoaded (0ms)
			ExecutionOrderSort2 (0ms)
			AwakeInstancesAfterBackupRestoration (10ms)
Platform modules already initialized, skipping
========================================================================
Worker process is ready to serve import requests
Launched and connected shader compiler UnityShaderCompiler.exe after 0.05 seconds
Refreshing native plugins compatible for Editor in 0.46 ms, found 2 plugins.
Preloading 0 native plugins for Editor in 0.00 ms.
Unloading 1988 Unused Serialized files (Serialized files now loaded: 0)
System memory in use before: 102.6 MB.
System memory in use after: 102.7 MB.

Unloading 20 unused Assets to reduce memory usage. Loaded Objects now: 2457.
Total: 2.868600 ms (FindLiveObjects: 0.171300 ms CreateObjectMapping: 0.077300 ms MarkObjects: 2.546800 ms  DeleteObjects: 0.071800 ms)

AssetImportParameters requested are different than current active one (requested -> active):
  custom:framework-win-MediaFoundation: 216162199b28c13a410421893ffa2e32 -> 
  custom:video-decoder-ogg-theora: a1e56fd34408186e4bbccfd4996cb3dc -> 
  custom:container-muxer-webm: aa71ff27fc2769a1b78a27578f13a17b -> 
  custom:container-demuxer-webm: 4f35f7cbe854078d1ac9338744f61a02 -> 
  custom:container-demuxer-ogg: 62fdf1f143b41e24485cea50d1cbac27 -> 
  custom:video-encoder-webm-vp8: eb34c28f22e8b96e1ab97ce403110664 -> 
  custom:video-codec-MediaFoundation-h265: 746d11721c4dcdbdad8f713fa42b33f4 -> 
  custom:video-decoder-webm-vp8: 9c59270c3fd7afecdb556c50c9e8de78 -> 
  custom:audio-decoder-ogg-vorbis: bf7c407c2cedff20999df2af8eb42d56 -> 
  custom:audio-encoder-webm-vorbis: bf7c407c2cedff20999df2af8eb42d56 -> 
========================================================================
Received Import Request.
  path: Assets/StarterAssets/lt.blend
  artifactKey: Guid(c1e939fd7aeb1684d99df1b5a8300c58) Importer(815301076,1909f56bfc062723c751e8b465ee728b)
Start importing Assets/StarterAssets/lt.blend using Guid(c1e939fd7aeb1684d99df1b5a8300c58) Importer(815301076,1909f56bfc062723c751e8b465ee728b)  -> (artifact id: '83ec256962d889ec741c6ff58a673e33') in 0.178102 seconds 
========================================================================
Received Import Request.
  Time since last request: 48.993004 seconds.
  path: Assets/StarterAssets/lt.blend
  artifactKey: Guid(c1e939fd7aeb1684d99df1b5a8300c58) Importer(815301076,1909f56bfc062723c751e8b465ee728b)
Start importing Assets/StarterAssets/lt.blend using Guid(c1e939fd7aeb1684d99df1b5a8300c58) Importer(815301076,1909f56bfc062723c751e8b465ee728b)  -> (artifact id: '27c36e02dd560305d597ca622f77d977') in 0.033036 seconds 
========================================================================
Received Import Request.
  Time since last request: 82.199857 seconds.
  path: Assets/StarterAssets/FirstPersonController
  artifactKey: Guid(24b6cfc1f7567ec448cc19d73d593576) Importer(815301076,1909f56bfc062723c751e8b465ee728b)
Start importing Assets/StarterAssets/FirstPersonController using Guid(24b6cfc1f7567ec448cc19d73d593576) Importer(815301076,1909f56bfc062723c751e8b465ee728b)  -> (artifact id: '1eacbf980d411708422213201f6f605f') in 0.007148 seconds 
========================================================================
Received Import Request.
  Time since last request: 1.360060 seconds.
  path: Assets/StarterAssets/FirstPersonController/Prefabs
  artifactKey: Guid(3547d539220f51a4599294020a5f42cf) Importer(815301076,1909f56bfc062723c751e8b465ee728b)
Start importing Assets/StarterAssets/FirstPersonController/Prefabs using Guid(3547d539220f51a4599294020a5f42cf) Importer(815301076,1909f56bfc062723c751e8b465ee728b)  -> (artifact id: 'c6550ccb0e391ce741f6058553dc12b8') in 0.007717 seconds 
========================================================================
Received Import Request.
  Time since last request: 0.027873 seconds.
  path: Assets/StarterAssets/FirstPersonController/Prefabs/MainCamera.prefab
  artifactKey: Guid(2d3a85ecde41a8246a79669975912b74) Importer(815301076,1909f56bfc062723c751e8b465ee728b)
Start importing Assets/StarterAssets/FirstPersonController/Prefabs/MainCamera.prefab using Guid(2d3a85ecde41a8246a79669975912b74) Importer(815301076,1909f56bfc062723c751e8b465ee728b)  -> (artifact id: '7496d13aa4ea5947652f6d17b07a9b23') in 0.016559 seconds 
========================================================================
Received Import Request.
  Time since last request: 0.000218 seconds.
  path: Assets/StarterAssets/FirstPersonController/Prefabs/PlayerFollowCamera.prefab
  artifactKey: Guid(9c489a8547f4d9e4387da15a4ff82c81) Importer(815301076,1909f56bfc062723c751e8b465ee728b)
Start importing Assets/StarterAssets/FirstPersonController/Prefabs/PlayerFollowCamera.prefab using Guid(9c489a8547f4d9e4387da15a4ff82c81) Importer(815301076,1909f56bfc062723c751e8b465ee728b)  -> (artifact id: '0d9279ada3db7be867a64ed4a5d045c0') in 0.021410 seconds 
========================================================================
Received Import Request.
  Time since last request: 0.000226 seconds.
  path: Assets/StarterAssets/FirstPersonController/Prefabs/PlayerCapsule.prefab
  artifactKey: Guid(c5efc39a8aaf6e64ea40e9ad573e9b47) Importer(815301076,1909f56bfc062723c751e8b465ee728b)
Start importing Assets/StarterAssets/FirstPersonController/Prefabs/PlayerCapsule.prefab using Guid(c5efc39a8aaf6e64ea40e9ad573e9b47) Importer(815301076,1909f56bfc062723c751e8b465ee728b)  -> (artifact id: '7aafbf33344d5bc2d62f7eafa59d11d5') in 0.126010 seconds 
========================================================================
Received Import Request.
  Time since last request: 0.000198 seconds.
  path: Assets/StarterAssets/FirstPersonController/Prefabs/NestedParent_Unpack.prefab
  artifactKey: Guid(035bf1ba97d19214580cfe6f5a29fdc3) Importer(815301076,1909f56bfc062723c751e8b465ee728b)
Start importing Assets/StarterAssets/FirstPersonController/Prefabs/NestedParent_Unpack.prefab using Guid(035bf1ba97d19214580cfe6f5a29fdc3) Importer(815301076,1909f56bfc062723c751e8b465ee728b)  -> (artifact id: '511eab5d9748e86ab4b788c2b40dfa87') in 0.041621 seconds 
========================================================================
Received Import Request.
  Time since last request: 199.389882 seconds.
  path: Assets/wall3_albedo.tif
  artifactKey: Guid(4b066cd57a10904479388a5f00ab6aed) Importer(815301076,1909f56bfc062723c751e8b465ee728b)
Start importing Assets/wall3_albedo.tif using Guid(4b066cd57a10904479388a5f00ab6aed) Importer(815301076,1909f56bfc062723c751e8b465ee728b)  -> (artifact id: '1e69c568ea42bfaef6a5990efa119253') in 0.026887 seconds 
========================================================================
Received Import Request.
  Time since last request: 0.000164 seconds.
  path: Assets/wall3_height.tif
  artifactKey: Guid(8cf2e48d7faa0194792a40b951ae6a2d) Importer(815301076,1909f56bfc062723c751e8b465ee728b)
Start importing Assets/wall3_height.tif using Guid(8cf2e48d7faa0194792a40b951ae6a2d) Importer(815301076,1909f56bfc062723c751e8b465ee728b)  -> (artifact id: 'e79d0b544e8817a04c53553bd03f6768') in 0.011700 seconds 
========================================================================
Received Import Request.
  Time since last request: 0.000259 seconds.
  path: Assets/wall3_normal.tif
  artifactKey: Guid(db2ee292253bc764eac966eb178575e9) Importer(815301076,1909f56bfc062723c751e8b465ee728b)
Start importing Assets/wall3_normal.tif using Guid(db2ee292253bc764eac966eb178575e9) Importer(815301076,1909f56bfc062723c751e8b465ee728b)  -> (artifact id: 'f566d7d4236bb11c5d844c164d0502e7') in 0.013959 seconds 
========================================================================
Received Import Request.
  Time since last request: 8.291939 seconds.
  path: Assets/wall3_albedo.tif
  artifactKey: Guid(4b066cd57a10904479388a5f00ab6aed) Importer(815301076,1909f56bfc062723c751e8b465ee728b)
Start importing Assets/wall3_albedo.tif using Guid(4b066cd57a10904479388a5f00ab6aed) Importer(815301076,1909f56bfc062723c751e8b465ee728b)  -> (artifact id: '49cbb3e0936daa783db565f88e2fc593') in 0.025198 seconds 
========================================================================
Received Import Request.
  Time since last request: 4.741266 seconds.
  path: Assets/wall3_height.tif
  artifactKey: Guid(8cf2e48d7faa0194792a40b951ae6a2d) Importer(815301076,1909f56bfc062723c751e8b465ee728b)
Start importing Assets/wall3_height.tif using Guid(8cf2e48d7faa0194792a40b951ae6a2d) Importer(815301076,1909f56bfc062723c751e8b465ee728b)  -> (artifact id: 'c6ce22ae5d91eaaa91555f636ea628ce') in 0.013890 seconds 
========================================================================
Received Import Request.
  Time since last request: 4.229541 seconds.
  path: Assets/wall3_normal.tif
  artifactKey: Guid(db2ee292253bc764eac966eb178575e9) Importer(815301076,1909f56bfc062723c751e8b465ee728b)
Start importing Assets/wall3_normal.tif using Guid(db2ee292253bc764eac966eb178575e9) Importer(815301076,1909f56bfc062723c751e8b465ee728b)  -> (artifact id: 'fa66e8c431231dede99015ae5f4c00cd') in 0.011213 seconds 
========================================================================
Received Import Request.
  Time since last request: 4.967926 seconds.
  path: Assets/New Material 2.mat
  artifactKey: Guid(83334c26f4025ff4e8a596f9e1d72943) Importer(815301076,1909f56bfc062723c751e8b465ee728b)
Start importing Assets/New Material 2.mat using Guid(83334c26f4025ff4e8a596f9e1d72943) Importer(815301076,1909f56bfc062723c751e8b465ee728b)  -> (artifact id: '0b1f017256d85058768b4db33334d81e') in 0.018073 seconds 
========================================================================
Received Prepare
Registering precompiled user dll's ...
Registered in 0.005046 seconds.
Begin MonoManager ReloadAssembly
Native extension for WindowsStandalone target not found
Refreshing native plugins compatible for Editor in 0.40 ms, found 2 plugins.
Preloading 0 native plugins for Editor in 0.00 ms.
Mono: successfully reloaded assembly
- Completed reload, in  1.186 seconds
Domain Reload Profiling:
	ReloadAssembly (1187ms)
		BeginReloadAssembly (162ms)
			ExecutionOrderSort (0ms)
			DisableScriptedObjects (5ms)
			BackupInstance (0ms)
			ReleaseScriptingObjects (0ms)
			CreateAndSetChildDomain (47ms)
		EndReloadAssembly (957ms)
			LoadAssemblies (110ms)
			RebuildTransferFunctionScriptingTraits (0ms)
			SetupTypeCache (334ms)
			ReleaseScriptCaches (1ms)
			RebuildScriptCaches (46ms)
			SetupLoadedEditorAssemblies (340ms)
				LogAssemblyErrors (0ms)
				InitializePlatformSupportModulesInManaged (5ms)
				SetLoadedEditorAssemblies (0ms)
				RefreshPlugins (0ms)
				BeforeProcessingInitializeOnLoad (48ms)
				ProcessInitializeOnLoadAttributes (254ms)
				ProcessInitializeOnLoadMethodAttributes (23ms)
				AfterProcessingInitializeOnLoad (9ms)
				EditorAssembliesLoaded (0ms)
			ExecutionOrderSort2 (0ms)
			AwakeInstancesAfterBackupRestoration (14ms)
Platform modules already initialized, skipping
Refreshing native plugins compatible for Editor in 0.39 ms, found 2 plugins.
Preloading 0 native plugins for Editor in 0.00 ms.
Unloading 1978 Unused Serialized files (Serialized files now loaded: 0)
System memory in use before: 111.7 MB.
System memory in use after: 111.8 MB.

Unloading 13 unused Assets to reduce memory usage. Loaded Objects now: 2591.
Total: 3.145000 ms (FindLiveObjects: 0.171600 ms CreateObjectMapping: 0.087200 ms MarkObjects: 2.869200 ms  DeleteObjects: 0.015900 ms)

AssetImportParameters requested are different than current active one (requested -> active):
  custom:framework-win-MediaFoundation: 216162199b28c13a410421893ffa2e32 -> 
  custom:video-decoder-ogg-theora: a1e56fd34408186e4bbccfd4996cb3dc -> 
  custom:container-muxer-webm: aa71ff27fc2769a1b78a27578f13a17b -> 
  custom:container-demuxer-webm: 4f35f7cbe854078d1ac9338744f61a02 -> 
  custom:container-demuxer-ogg: 62fdf1f143b41e24485cea50d1cbac27 -> 
  custom:video-encoder-webm-vp8: eb34c28f22e8b96e1ab97ce403110664 -> 
  custom:video-codec-MediaFoundation-h265: 746d11721c4dcdbdad8f713fa42b33f4 -> 
  custom:video-decoder-webm-vp8: 9c59270c3fd7afecdb556c50c9e8de78 -> 
  custom:audio-decoder-ogg-vorbis: bf7c407c2cedff20999df2af8eb42d56 -> 
  custom:audio-encoder-webm-vorbis: bf7c407c2cedff20999df2af8eb42d56 -> 
========================================================================
Received Import Request.
  Time since last request: 649.154722 seconds.
  path: Assets/soil_albedo.tif
  artifactKey: Guid(2be115e0a48573f4581c74d825be91c9) Importer(815301076,1909f56bfc062723c751e8b465ee728b)
Start importing Assets/soil_albedo.tif using Guid(2be115e0a48573f4581c74d825be91c9) Importer(815301076,1909f56bfc062723c751e8b465ee728b)  -> (artifact id: 'ee2f10a7188ac1c45b5d922d0a6d3374') in 0.039516 seconds 
========================================================================
Received Import Request.
  Time since last request: 0.000236 seconds.
  path: Assets/soil_height.tif
  artifactKey: Guid(2404e07dc97b0494da61460421f140e8) Importer(815301076,1909f56bfc062723c751e8b465ee728b)
Start importing Assets/soil_height.tif using Guid(2404e07dc97b0494da61460421f140e8) Importer(815301076,1909f56bfc062723c751e8b465ee728b)  -> (artifact id: 'addbef8b481fa3f488d5471ed6c12cc5') in 0.012970 seconds 
========================================================================
Received Import Request.
  Time since last request: 0.000320 seconds.
  path: Assets/soil_normal.tif
  artifactKey: Guid(c32e2b7903330a9439089cf978988860) Importer(815301076,1909f56bfc062723c751e8b465ee728b)
Start importing Assets/soil_normal.tif using Guid(c32e2b7903330a9439089cf978988860) Importer(815301076,1909f56bfc062723c751e8b465ee728b)  -> (artifact id: 'd277a56d8d35470a57d5ec4d3d8b825c') in 0.012749 seconds 
========================================================================
Received Import Request.
  Time since last request: 7.196722 seconds.
  path: Assets/soil_albedo.tif
  artifactKey: Guid(2be115e0a48573f4581c74d825be91c9) Importer(815301076,1909f56bfc062723c751e8b465ee728b)
Start importing Assets/soil_albedo.tif using Guid(2be115e0a48573f4581c74d825be91c9) Importer(815301076,1909f56bfc062723c751e8b465ee728b)  -> (artifact id: '62cd57d470910598ad6911daa41b758c') in 0.014695 seconds 
========================================================================
Received Import Request.
  Time since last request: 4.706431 seconds.
  path: Assets/soil_height.tif
  artifactKey: Guid(2404e07dc97b0494da61460421f140e8) Importer(815301076,1909f56bfc062723c751e8b465ee728b)
Start importing Assets/soil_height.tif using Guid(2404e07dc97b0494da61460421f140e8) Importer(815301076,1909f56bfc062723c751e8b465ee728b)  -> (artifact id: '316d5ef1eb32c173aab8f77279be4009') in 0.013964 seconds 
========================================================================
Received Import Request.
  Time since last request: 7.375122 seconds.
  path: Assets/soil_normal.tif
  artifactKey: Guid(c32e2b7903330a9439089cf978988860) Importer(815301076,1909f56bfc062723c751e8b465ee728b)
Start importing Assets/soil_normal.tif using Guid(c32e2b7903330a9439089cf978988860) Importer(815301076,1909f56bfc062723c751e8b465ee728b)  -> (artifact id: '6d49ced796e72ea0d77ba18543858aa4') in 0.012146 seconds 
========================================================================
Received Import Request.
  Time since last request: 9.238860 seconds.
  path: Assets/New Material 3.mat
  artifactKey: Guid(ebf11df1ea0f5d640a03a3a503659bd2) Importer(815301076,1909f56bfc062723c751e8b465ee728b)
Start importing Assets/New Material 3.mat using Guid(ebf11df1ea0f5d640a03a3a503659bd2) Importer(815301076,1909f56bfc062723c751e8b465ee728b)  -> (artifact id: '5335f6315ccbb8c51c34b965e73d19d0') in 0.034863 seconds 
========================================================================
Received Import Request.
  Time since last request: 354.115911 seconds.
  path: Assets/GOOGLE_SAT_WM 1.tif
  artifactKey: Guid(6f193d25638cd87498848172b372f7f9) Importer(815301076,1909f56bfc062723c751e8b465ee728b)
Start importing Assets/GOOGLE_SAT_WM 1.tif using Guid(6f193d25638cd87498848172b372f7f9) Importer(815301076,1909f56bfc062723c751e8b465ee728b)  -> (artifact id: '2d086765e6cd188c19bd1e61787425b5') in 0.017838 seconds 
========================================================================
Received Prepare
Registering precompiled user dll's ...
Registered in 0.005777 seconds.
Begin MonoManager ReloadAssembly
Native extension for WindowsStandalone target not found
Refreshing native plugins compatible for Editor in 0.45 ms, found 2 plugins.
Preloading 0 native plugins for Editor in 0.00 ms.
Mono: successfully reloaded assembly
- Completed reload, in  1.277 seconds
Domain Reload Profiling:
	ReloadAssembly (1277ms)
		BeginReloadAssembly (193ms)
			ExecutionOrderSort (0ms)
			DisableScriptedObjects (9ms)
			BackupInstance (0ms)
			ReleaseScriptingObjects (0ms)
			CreateAndSetChildDomain (57ms)
		EndReloadAssembly (1013ms)
			LoadAssemblies (141ms)
			RebuildTransferFunctionScriptingTraits (0ms)
			SetupTypeCache (351ms)
			ReleaseScriptCaches (1ms)
			RebuildScriptCaches (52ms)
			SetupLoadedEditorAssemblies (363ms)
				LogAssemblyErrors (0ms)
				InitializePlatformSupportModulesInManaged (5ms)
				SetLoadedEditorAssemblies (0ms)
				RefreshPlugins (1ms)
				BeforeProcessingInitializeOnLoad (45ms)
				ProcessInitializeOnLoadAttributes (275ms)
				ProcessInitializeOnLoadMethodAttributes (27ms)
				AfterProcessingInitializeOnLoad (9ms)
				EditorAssembliesLoaded (0ms)
			ExecutionOrderSort2 (0ms)
			AwakeInstancesAfterBackupRestoration (16ms)
Platform modules already initialized, skipping
Refreshing native plugins compatible for Editor in 0.46 ms, found 2 plugins.
Preloading 0 native plugins for Editor in 0.00 ms.
Unloading 1979 Unused Serialized files (Serialized files now loaded: 0)
System memory in use before: 119.0 MB.
System memory in use after: 119.2 MB.

Unloading 13 unused Assets to reduce memory usage. Loaded Objects now: 2697.
Total: 3.276100 ms (FindLiveObjects: 0.203300 ms CreateObjectMapping: 0.083000 ms MarkObjects: 2.957900 ms  DeleteObjects: 0.030600 ms)

AssetImportParameters requested are different than current active one (requested -> active):
  custom:framework-win-MediaFoundation: 216162199b28c13a410421893ffa2e32 -> 
  custom:video-decoder-ogg-theora: a1e56fd34408186e4bbccfd4996cb3dc -> 
  custom:container-muxer-webm: aa71ff27fc2769a1b78a27578f13a17b -> 
  custom:container-demuxer-webm: 4f35f7cbe854078d1ac9338744f61a02 -> 
  custom:container-demuxer-ogg: 62fdf1f143b41e24485cea50d1cbac27 -> 
  custom:video-encoder-webm-vp8: eb34c28f22e8b96e1ab97ce403110664 -> 
  custom:video-codec-MediaFoundation-h265: 746d11721c4dcdbdad8f713fa42b33f4 -> 
  custom:video-decoder-webm-vp8: 9c59270c3fd7afecdb556c50c9e8de78 -> 
  custom:audio-decoder-ogg-vorbis: bf7c407c2cedff20999df2af8eb42d56 -> 
  custom:audio-encoder-webm-vorbis: bf7c407c2cedff20999df2af8eb42d56 -> 
========================================================================
Received Prepare
Registering precompiled user dll's ...
Registered in 0.002903 seconds.
Begin MonoManager ReloadAssembly
Native extension for WindowsStandalone target not found
Refreshing native plugins compatible for Editor in 0.43 ms, found 2 plugins.
Preloading 0 native plugins for Editor in 0.00 ms.
Mono: successfully reloaded assembly
- Completed reload, in  1.182 seconds
Domain Reload Profiling:
	ReloadAssembly (1183ms)
		BeginReloadAssembly (150ms)
			ExecutionOrderSort (0ms)
			DisableScriptedObjects (7ms)
			BackupInstance (0ms)
			ReleaseScriptingObjects (0ms)
			CreateAndSetChildDomain (41ms)
		EndReloadAssembly (964ms)
			LoadAssemblies (121ms)
			RebuildTransferFunctionScriptingTraits (0ms)
			SetupTypeCache (361ms)
			ReleaseScriptCaches (1ms)
			RebuildScriptCaches (45ms)
			SetupLoadedEditorAssemblies (332ms)
				LogAssemblyErrors (0ms)
				InitializePlatformSupportModulesInManaged (5ms)
				SetLoadedEditorAssemblies (1ms)
				RefreshPlugins (0ms)
				BeforeProcessingInitializeOnLoad (46ms)
				ProcessInitializeOnLoadAttributes (248ms)
				ProcessInitializeOnLoadMethodAttributes (23ms)
				AfterProcessingInitializeOnLoad (9ms)
				EditorAssembliesLoaded (0ms)
			ExecutionOrderSort2 (0ms)
			AwakeInstancesAfterBackupRestoration (16ms)
Platform modules already initialized, skipping
Refreshing native plugins compatible for Editor in 0.40 ms, found 2 plugins.
Preloading 0 native plugins for Editor in 0.00 ms.
Unloading 1975 Unused Serialized files (Serialized files now loaded: 0)
System memory in use before: 118.9 MB.
System memory in use after: 119.1 MB.

Unloading 13 unused Assets to reduce memory usage. Loaded Objects now: 2699.
Total: 3.291100 ms (FindLiveObjects: 0.275500 ms CreateObjectMapping: 0.117100 ms MarkObjects: 2.876700 ms  DeleteObjects: 0.020800 ms)

AssetImportParameters requested are different than current active one (requested -> active):
  custom:framework-win-MediaFoundation: 216162199b28c13a410421893ffa2e32 -> 
  custom:video-decoder-ogg-theora: a1e56fd34408186e4bbccfd4996cb3dc -> 
  custom:container-muxer-webm: aa71ff27fc2769a1b78a27578f13a17b -> 
  custom:container-demuxer-webm: 4f35f7cbe854078d1ac9338744f61a02 -> 
  custom:container-demuxer-ogg: 62fdf1f143b41e24485cea50d1cbac27 -> 
  custom:video-encoder-webm-vp8: eb34c28f22e8b96e1ab97ce403110664 -> 
  custom:video-codec-MediaFoundation-h265: 746d11721c4dcdbdad8f713fa42b33f4 -> 
  custom:video-decoder-webm-vp8: 9c59270c3fd7afecdb556c50c9e8de78 -> 
  custom:audio-decoder-ogg-vorbis: bf7c407c2cedff20999df2af8eb42d56 -> 
  custom:audio-encoder-webm-vorbis: bf7c407c2cedff20999df2af8eb42d56 -> 
AssetImportWorkerClient::OnTransportError - code=2 error=End of file
